
ROM used:   1196/8192 (15%)
            1196/8192 (15%) including unused fragments

            1.1 Average locations per line
            5.4 Average locations per statement

RAM used:   7/368 (2%) at main() level
            20/368 (5%) worst case

Stack used: 6 worst case (6 in main + 0 for interrupts)
Stack size: 8

Lines Stmts  %   Files
----- ----- ---  -----
  175   131  59  lcd.c
  672     0   0  ..\..\..\..\..\..\..\..\Program Files (x86)\PICC\Devices\16f877a.h
  162    68  30  ..\..\..\..\..\..\..\..\Program Files (x86)\PICC\Drivers\lcd_2.c
   69    24  11  ..\..\..\..\..\..\..\..\Program Files (x86)\PICC\Drivers\kbd_2D.c
----- -----
 1078   223 Total

Page ROM  %  RAM    Vol Diff  Functions:
---- --- --- ---    --- ----  ----------
0     21   2    1    236  2.3  @delay_ms1
0      8   1    0    420  3.8  @const628
 Inline         3    463  4.3  lcd_read_byte
0     12   1    1    134  2.2  lcd_send_nibble
0     58   5    3    317  4.3  lcd_send_byte
0     44   4    2    422  4.7  lcd_init
0     26   2    3    321  5.5  lcd_gotoxy
0      8   1    0    248  2.2  @goto10607
0     39   3    1    308  5.0  lcd_putc
0     20   2    0             @const657
0     81   7    7    928  8.7  kbd_getc
0     85   7    0    388  1.8  menu
0      9   1    0             @const675
0     86   7    4             @PSTRINGC7_651
0      4   0    0             @const677
0      6   1    0             @const678
0      4   0    0             @const679
0      5   0    0             @const680
0      6   1    0             @const681
0      3   0    0             @const682
0     81   7    1    401  3.7  tinto
0      1   0    0             @const684
0      9   1    0             @const686
0      1   0    0             @const687
0      1   0    0             @const688
0      9   1    0             @const689
0      1   0    0             @const690
0     81   7    1    401  3.7  agua
0      1   0    0             @const692
0      8   1    0             @const694
0      1   0    0             @const695
0      1   0    0             @const696
0      9   1    0             @const697
0      1   0    0             @const698
0     81   7    1    401  3.7  te
0      1   0    0             @const700
0      7   1    0             @const702
0      1   0    0             @const703
0      1   0    0             @const704
0      9   1    0             @const705
0      1   0    0             @const706
0     81   7    1    401  3.7  capuchino
0      1   0    0             @const708
0     11   1    0             @const710
0      1   0    0             @const711
0      1   0    0             @const712
0      9   1    0             @const713
0      1   0    0             @const714
0     79   7    1    401  3.7  expreso
0      1   0    0             @const716
0     10   1    0             @const718
0      1   0    0             @const719
0      1   0    0             @const720
0      9   1    0             @const721
0      1   0    0             @const722
0     81   7    1    401  3.7  americano
0      1   0    0             @const724
0     11   1    0             @const726
0      1   0    0             @const727
0      1   0    0             @const728
0      9   1    0             @const729
0      1   0    0             @const730
0     49   4    0    441  3.7  MAIN
 Inline         0             @cinit1

Program metrics:
    Functions               18
    Statements              223
    Comments                199
    Volume (V)              12415
    Difficulty (D)          65.6
    Effort to implement (E) 814324
    Time to implement (T)   12 hours, 34 minutes
    Est Delivered Bugs (B)  3
    Cyclomatic Complexity   29
    Maintainability (MI)    51

 Segment     Used  Free
-----------  ----  ----
00000-00003     4  0  
00004-007FF  1192  852  
00800-00FFF     0  2048  
01000-017FF     0  2048  
01800-01FFF     0  2048  



