
ROM used:   56/8192 (1%)
            56/8192 (1%) including unused fragments

            0.1 Average locations per line
            7.0 Average locations per statement

RAM used:   5/368 (1%) at main() level
            6/368 (2%) worst case

Stack used: 1 worst case (1 in main + 0 for interrupts)
Stack size: 8

Lines Stmts  %   Files
----- ----- ---  -----
   27     8 100  program_0.c
  672     0   0  ..\..\..\..\..\Program Files (x86)\PICC\Devices\16F877A.h
----- -----
  699     8 Total

Page ROM  %  RAM    Vol Diff  Functions:
---- --- --- ---    --- ----  ----------
0     21  38    1             @delay_ms1
0     31  55    0    134  2.2  main
 Inline         0             @cinit1

Program metrics:
    Functions               1
    Statements              8
    Comments                124
    Volume (V)              138
    Difficulty (D)          1.9
    Effort to implement (E) 264
    Time to implement (T)   0 minutes
    Est Delivered Bugs (B)  0
    Cyclomatic Complexity   1
    Maintainability (MI)    61

 Segment     Used  Free
-----------  ----  ----
00000-00003     4  0  
00004-007FF    52  1992  
00800-00FFF     0  2048  
01000-017FF     0  2048  
01800-01FFF     0  2048  



