
ROM used:   310/8192 (4%)
            310/8192 (4%) including unused fragments

            0.4 Average locations per line
            4.3 Average locations per statement

RAM used:   8/368 (2%) at main() level
            9/368 (2%) worst case

Stack used: 1 worst case (1 in main + 0 for interrupts)
Stack size: 8

Lines Stmts  %   Files
----- ----- ---  -----
  114    72 100  secuencias.c
  672     0   0  ..\..\..\..\..\..\..\..\Program Files (x86)\PICC\Devices\16F877A.h
----- -----
  786    72 Total

Page ROM  %  RAM    Vol Diff  Functions:
---- --- --- ---    --- ----  ----------
0     21   7    1             @delay_ms1
0     19   6    0     67  1.2  secuencia_1
0     18   6    0     67  1.2  secuencia_2
0     59  19    0    293  1.4  secuencia_3
0    123  40    0    735  1.5  secuencia_4
0     66  21    1    599  4.3  MAIN
 Inline         0             @cinit1

Program metrics:
    Functions               5
    Statements              72
    Comments                122
    Volume (V)              2400
    Difficulty (D)          9.7
    Effort to implement (E) 23271
    Time to implement (T)   22 minutes
    Est Delivered Bugs (B)  0
    Cyclomatic Complexity   5
    Maintainability (MI)    144

 Segment     Used  Free
-----------  ----  ----
00000-00003     4  0  
00004-007FF   306  1738  
00800-00FFF     0  2048  
01000-017FF     0  2048  
01800-01FFF     0  2048  



