
ROM used:   216/8192 (3%)
            216/8192 (3%) including unused fragments

            0.3 Average locations per line
            4.9 Average locations per statement

RAM used:   8/368 (2%) at main() level
            8/368 (2%) worst case

Stack used: 1 worst case (1 in main + 0 for interrupts)
Stack size: 8

Lines Stmts  %   Files
----- ----- ---  -----
  120    44 100  secuencia.c
  672     0   0  ..\..\..\..\..\..\..\Program Files (x86)\PICC\Devices\16F877A.h
----- -----
  792    44 Total

Page ROM  %  RAM    Vol Diff  Functions:
---- --- --- ---    --- ----  ----------
0     21  10    1             @delay_ms1
0    182  84    1   1162  5.8  main
0      9   4    0    333  7.3  @goto10582
 Inline         0    290  6.0  @cinit1

Program metrics:
    Functions               3
    Statements              44
    Comments                161
    Volume (V)              2204
    Difficulty (D)          18.3
    Effort to implement (E) 40310
    Time to implement (T)   37 minutes
    Est Delivered Bugs (B)  0
    Cyclomatic Complexity   9
    Maintainability (MI)    46

 Segment     Used  Free
-----------  ----  ----
00000-00003     4  0  
00004-007FF   212  1832  
00800-00FFF     0  2048  
01000-017FF     0  2048  
01800-01FFF     0  2048  



