
ROM used:   590/8192 (7%)
            590/8192 (7%) including unused fragments

            0.2 Average locations per line
            0.9 Average locations per statement

RAM used:   16/368 (4%) at main() level
            28/368 (8%) worst case

Stack used: 1 worst case (1 in main + 0 for interrupts)
Stack size: 8

Lines Stmts  %   Files
----- ----- ---  -----
  139    83  13  Pulsador.c
  672     0   0  ..\..\..\..\..\..\..\..\..\Program Files (x86)\PICC\Devices\16F877A.h
 1351   359  56  ..\..\..\..\..\..\..\..\..\Program Files (x86)\PICC\Drivers\stdlib.h
   32     0   0  ..\..\..\..\..\..\..\..\..\Program Files (x86)\PICC\Drivers\stddef.h
  423   125  19  ..\..\..\..\..\..\..\..\..\Program Files (x86)\PICC\Drivers\string.h
   28     0   0  ..\..\..\..\..\..\..\..\..\Program Files (x86)\PICC\Drivers\ctype.h
  269    79  12  ..\..\..\..\..\..\..\..\..\Program Files (x86)\PICC\Drivers\input.c
----- -----
 2914   646 Total

Page ROM  %  RAM    Vol Diff  Functions:
---- --- --- ---    --- ----  ----------
0     21   4    1             @delay_ms1
0     21   4    3             @DIV88
0     19   3    0     67  1.2  secuencia_1
0     18   3    0     67  1.2  secuencia_2
0     59  10    0    293  1.4  secuencia_3
0    123  21    0    735  1.5  secuencia_4
0    116  20    1    685  4.7  MAIN
0     93  16    6             @PRINTF_D_9600_62_63
0      7   1    0             @const984
0     88  15    4             @PSTRINGC7_9600_62_63
0      7   1    0             @const986
0      7   1    0             @const987
0      7   1    0             @const988
 Inline         0             @cinit1

Program metrics:
    Functions               5
    Statements              646
    Comments                878
    Volume (V)              2523
    Difficulty (D)          9.7
    Effort to implement (E) 24471
    Time to implement (T)   23 minutes
    Est Delivered Bugs (B)  0
    Cyclomatic Complexity   6
    Maintainability (MI)    109

 Segment     Used  Free
-----------  ----  ----
00000-00003     4  0  
00004-007FF   586  1458  
00800-00FFF     0  2048  
01000-017FF     0  2048  
01800-01FFF     0  2048  



